This file contains any messages produced by compilers while
running configure, to aid debugging if configure makes a mistake.

It was created by DezhouKV configure 0.10.0, which was
generated by GNU Autoconf 2.63.  Invocation command line was

  $ ./configure 

## --------- ##
## Platform. ##
## --------- ##

hostname = tc_60_229
uname -m = x86_64
uname -r = 2.6.32-504.23.4.el6.x86_64
uname -s = Linux
uname -v = #1 SMP Fri May 29 10:16:43 EDT 2015

/usr/bin/uname -p = unknown
/bin/uname -X     = unknown

/bin/arch              = x86_64
/usr/bin/arch -k       = unknown
/usr/convex/getsysinfo = unknown
/usr/bin/hostinfo      = unknown
/bin/machine           = unknown
/usr/bin/oslevel       = unknown
/bin/universe          = unknown

PATH: /usr/lib64/qt-3.3/bin
PATH: /usr/local/sbin
PATH: /usr/local/bin
PATH: /sbin
PATH: /bin
PATH: /usr/sbin
PATH: /usr/bin
PATH: /root/bin


## ----------- ##
## Core tests. ##
## ----------- ##

configure:2110: checking for a BSD-compatible install
configure:2178: result: /usr/bin/install -c
configure:2189: checking whether build environment is sane
configure:2249: result: yes
configure:2390: checking for a thread-safe mkdir -p
configure:2429: result: /bin/mkdir -p
configure:2442: checking for gawk
configure:2458: found /bin/gawk
configure:2469: result: gawk
configure:2480: checking whether make sets $(MAKE)
configure:2502: result: yes
configure:2596: checking build system type
configure:2614: result: x86_64-unknown-linux-gnu
configure:2636: checking host system type
configure:2651: result: x86_64-unknown-linux-gnu
configure:2728: checking for gcc
configure:2755: result: gcc -std=gnu99
configure:2987: checking for C compiler version
configure:2995: gcc -std=gnu99 --version >&5
gcc (GCC) 4.4.7 20120313 (Red Hat 4.4.7-11)
Copyright (C) 2010 Free Software Foundation, Inc.
This is free software; see the source for copying conditions.  There is NO
warranty; not even for MERCHANTABILITY or FITNESS FOR A PARTICULAR PURPOSE.

configure:2999: $? = 0
configure:3006: gcc -std=gnu99 -v >&5
Using built-in specs.
Target: x86_64-redhat-linux
Configured with: ../configure --prefix=/usr --mandir=/usr/share/man --infodir=/usr/share/info --with-bugurl=http://bugzilla.redhat.com/bugzilla --enable-bootstrap --enable-shared --enable-threads=posix --enable-checking=release --with-system-zlib --enable-__cxa_atexit --disable-libunwind-exceptions --enable-gnu-unique-object --enable-languages=c,c++,objc,obj-c++,java,fortran,ada --enable-java-awt=gtk --disable-dssi --with-java-home=/usr/lib/jvm/java-1.5.0-gcj-1.5.0.0/jre --enable-libgcj-multifile --enable-java-maintainer-mode --with-ecj-jar=/usr/share/java/eclipse-ecj.jar --disable-libjava-multilib --with-ppl --with-cloog --with-tune=generic --with-arch_32=i686 --build=x86_64-redhat-linux
Thread model: posix
gcc version 4.4.7 20120313 (Red Hat 4.4.7-11) (GCC) 
configure:3010: $? = 0
configure:3017: gcc -std=gnu99 -V >&5
gcc: '-V' must come at the start of the command line
configure:3021: $? = 1
configure:3044: checking for C compiler default output file name
configure:3066: gcc -std=gnu99    conftest.c  >&5
configure:3070: $? = 0
configure:3108: result: a.out
configure:3127: checking whether the C compiler works
configure:3137: ./a.out
configure:3141: $? = 0
configure:3160: result: yes
configure:3167: checking whether we are cross compiling
configure:3169: result: no
configure:3172: checking for suffix of executables
configure:3179: gcc -std=gnu99 -o conftest    conftest.c  >&5
configure:3183: $? = 0
configure:3209: result: 
configure:3215: checking for suffix of object files
configure:3241: gcc -std=gnu99 -c   conftest.c >&5
configure:3245: $? = 0
configure:3270: result: o
configure:3274: checking whether we are using the GNU C compiler
configure:3303: gcc -std=gnu99 -c   conftest.c >&5
configure:3310: $? = 0
configure:3327: result: yes
configure:3336: checking whether gcc -std=gnu99 accepts -g
configure:3366: gcc -std=gnu99 -c -g  conftest.c >&5
configure:3373: $? = 0
configure:3474: result: yes
configure:3491: checking for gcc -std=gnu99 option to accept ISO C89
configure:3565: gcc -std=gnu99  -c -g -O2  conftest.c >&5
configure:3572: $? = 0
configure:3595: result: none needed
configure:3624: checking for style of include used by make
configure:3652: result: GNU
configure:3677: checking dependency style of gcc -std=gnu99
configure:3787: result: gcc3
configure:3914: checking for C++ compiler version
configure:3922: g++ -std=gnu++0x --version >&5
g++ (GCC) 4.4.7 20120313 (Red Hat 4.4.7-11)
Copyright (C) 2010 Free Software Foundation, Inc.
This is free software; see the source for copying conditions.  There is NO
warranty; not even for MERCHANTABILITY or FITNESS FOR A PARTICULAR PURPOSE.

configure:3926: $? = 0
configure:3933: g++ -std=gnu++0x -v >&5
Using built-in specs.
Target: x86_64-redhat-linux
Configured with: ../configure --prefix=/usr --mandir=/usr/share/man --infodir=/usr/share/info --with-bugurl=http://bugzilla.redhat.com/bugzilla --enable-bootstrap --enable-shared --enable-threads=posix --enable-checking=release --with-system-zlib --enable-__cxa_atexit --disable-libunwind-exceptions --enable-gnu-unique-object --enable-languages=c,c++,objc,obj-c++,java,fortran,ada --enable-java-awt=gtk --disable-dssi --with-java-home=/usr/lib/jvm/java-1.5.0-gcj-1.5.0.0/jre --enable-libgcj-multifile --enable-java-maintainer-mode --with-ecj-jar=/usr/share/java/eclipse-ecj.jar --disable-libjava-multilib --with-ppl --with-cloog --with-tune=generic --with-arch_32=i686 --build=x86_64-redhat-linux
Thread model: posix
gcc version 4.4.7 20120313 (Red Hat 4.4.7-11) (GCC) 
configure:3937: $? = 0
configure:3944: g++ -std=gnu++0x -V >&5
g++: argument to '-V' missing

configure:3948: $? = 1
configure:3951: checking whether we are using the GNU C++ compiler
configure:3980: g++ -std=gnu++0x -c   conftest.cpp >&5
configure:3987: $? = 0
configure:4004: result: yes
configure:4013: checking whether g++ -std=gnu++0x accepts -g
configure:4043: g++ -std=gnu++0x -c -g  conftest.cpp >&5
configure:4050: $? = 0
configure:4151: result: yes
configure:4176: checking dependency style of g++ -std=gnu++0x
configure:4286: result: gcc3
configure:4350: checking for pkg-config
configure:4368: found /usr/bin/pkg-config
configure:4380: result: /usr/bin/pkg-config
configure:4405: checking pkg-config is at least version 0.9.0
configure:4408: result: yes
configure:4476: checking for a sed that does not truncate output
configure:4542: result: /bin/sed
configure:4560: checking for grep that handles long lines and -e
configure:4620: result: /bin/grep
configure:4625: checking for egrep
configure:4689: result: /bin/grep -E
configure:4694: checking for fgrep
configure:4758: result: /bin/grep -F
configure:4793: checking for ld used by gcc -std=gnu99
configure:4860: result: /usr/bin/ld
configure:4869: checking if the linker (/usr/bin/ld) is GNU ld
configure:4884: result: yes
configure:4896: checking for BSD- or MS-compatible name lister (nm)
configure:4945: result: /usr/bin/nm -B
configure:5063: checking the name lister (/usr/bin/nm -B) interface
configure:5070: g++ -std=gnu++0x -c -g -O2  conftest.cpp >&5
configure:5073: /usr/bin/nm -B "conftest.o"
configure:5076: output
0000000000000000 B some_variable
configure:5083: result: BSD nm
configure:5086: checking whether ln -s works
configure:5090: result: yes
configure:5098: checking the maximum length of command line arguments
configure:5218: result: 1966080
configure:5235: checking whether the shell understands some XSI constructs
configure:5245: result: yes
configure:5249: checking whether the shell understands "+="
configure:5255: result: yes
configure:5290: checking for /usr/bin/ld option to reload object files
configure:5297: result: -r
configure:5366: checking for objdump
configure:5382: found /usr/bin/objdump
configure:5393: result: objdump
configure:5425: checking how to recognize dependent libraries
configure:5621: result: pass_all
configure:5681: checking for ar
configure:5697: found /usr/bin/ar
configure:5708: result: ar
configure:5786: checking for strip
configure:5802: found /usr/bin/strip
configure:5813: result: strip
configure:5885: checking for ranlib
configure:5901: found /usr/bin/ranlib
configure:5912: result: ranlib
configure:6002: checking command to parse /usr/bin/nm -B output from gcc -std=gnu99 object
configure:6120: g++ -std=gnu++0x -c -g -O2  conftest.cpp >&5
configure:6123: $? = 0
configure:6127: /usr/bin/nm -B conftest.o \| sed -n -e 's/^.*[	 ]\([ABCDGIRSTW][ABCDGIRSTW]*\)[	 ][	 ]*\([_A-Za-z][_A-Za-z0-9]*\)$/\1 \2 \2/p' \> conftest.nm
configure:6130: $? = 0
configure:6184: g++ -std=gnu++0x -o conftest -g -O2   conftest.cpp conftstm.o >&5
configure:6187: $? = 0
configure:6225: result: ok
configure:6321: g++ -std=gnu++0x -c -g -O2  conftest.cpp >&5
configure:6324: $? = 0
configure:7092: checking how to run the C preprocessor
configure:7132: gcc -std=gnu99 -E  conftest.c
configure:7139: $? = 0
configure:7170: gcc -std=gnu99 -E  conftest.c
conftest.c:10:28: error: ac_nonexistent.h: No such file or directory
configure:7177: $? = 1
configure: failed program was:
| /* confdefs.h.  */
| #define PACKAGE_NAME "DezhouKV"
| #define PACKAGE_TARNAME "Dezhoukv"
| #define PACKAGE_VERSION "0.10.0"
| #define PACKAGE_STRING "DezhouKV 0.10.0"
| #define PACKAGE_BUGREPORT "shendezhou@sogou-inc.com"
| #define PACKAGE "Dezhoukv"
| #define VERSION "0.10.0"
| /* end confdefs.h.  */
| #include <ac_nonexistent.h>
configure:7210: result: gcc -std=gnu99 -E
configure:7239: gcc -std=gnu99 -E  conftest.c
configure:7246: $? = 0
configure:7277: gcc -std=gnu99 -E  conftest.c
conftest.c:10:28: error: ac_nonexistent.h: No such file or directory
configure:7284: $? = 1
configure: failed program was:
| /* confdefs.h.  */
| #define PACKAGE_NAME "DezhouKV"
| #define PACKAGE_TARNAME "Dezhoukv"
| #define PACKAGE_VERSION "0.10.0"
| #define PACKAGE_STRING "DezhouKV 0.10.0"
| #define PACKAGE_BUGREPORT "shendezhou@sogou-inc.com"
| #define PACKAGE "Dezhoukv"
| #define VERSION "0.10.0"
| /* end confdefs.h.  */
| #include <ac_nonexistent.h>
configure:7324: checking for ANSI C header files
configure:7354: gcc -std=gnu99 -c -g -O2  conftest.c >&5
configure:7361: $? = 0
configure:7460: gcc -std=gnu99 -o conftest -g -O2   conftest.c  >&5
configure:7464: $? = 0
configure:7470: ./conftest
configure:7474: $? = 0
configure:7492: result: yes
configure:7516: checking for sys/types.h
configure:7537: gcc -std=gnu99 -c -g -O2  conftest.c >&5
configure:7544: $? = 0
configure:7561: result: yes
configure:7516: checking for sys/stat.h
configure:7537: gcc -std=gnu99 -c -g -O2  conftest.c >&5
configure:7544: $? = 0
configure:7561: result: yes
configure:7516: checking for stdlib.h
configure:7537: gcc -std=gnu99 -c -g -O2  conftest.c >&5
configure:7544: $? = 0
configure:7561: result: yes
configure:7516: checking for string.h
configure:7537: gcc -std=gnu99 -c -g -O2  conftest.c >&5
configure:7544: $? = 0
configure:7561: result: yes
configure:7516: checking for memory.h
configure:7537: gcc -std=gnu99 -c -g -O2  conftest.c >&5
configure:7544: $? = 0
configure:7561: result: yes
configure:7516: checking for strings.h
configure:7537: gcc -std=gnu99 -c -g -O2  conftest.c >&5
configure:7544: $? = 0
configure:7561: result: yes
configure:7516: checking for inttypes.h
configure:7537: gcc -std=gnu99 -c -g -O2  conftest.c >&5
configure:7544: $? = 0
configure:7561: result: yes
configure:7516: checking for stdint.h
configure:7537: gcc -std=gnu99 -c -g -O2  conftest.c >&5
configure:7544: $? = 0
configure:7561: result: yes
configure:7516: checking for unistd.h
configure:7537: gcc -std=gnu99 -c -g -O2  conftest.c >&5
configure:7544: $? = 0
configure:7561: result: yes
configure:7579: checking for dlfcn.h
configure:7600: gcc -std=gnu99 -c -g -O2  conftest.c >&5
configure:7607: $? = 0
configure:7624: result: yes
configure:7751: checking for C++ compiler version
configure:7759: g++ -std=gnu++0x --version >&5
g++ (GCC) 4.4.7 20120313 (Red Hat 4.4.7-11)
Copyright (C) 2010 Free Software Foundation, Inc.
This is free software; see the source for copying conditions.  There is NO
warranty; not even for MERCHANTABILITY or FITNESS FOR A PARTICULAR PURPOSE.

configure:7763: $? = 0
configure:7770: g++ -std=gnu++0x -v >&5
Using built-in specs.
Target: x86_64-redhat-linux
Configured with: ../configure --prefix=/usr --mandir=/usr/share/man --infodir=/usr/share/info --with-bugurl=http://bugzilla.redhat.com/bugzilla --enable-bootstrap --enable-shared --enable-threads=posix --enable-checking=release --with-system-zlib --enable-__cxa_atexit --disable-libunwind-exceptions --enable-gnu-unique-object --enable-languages=c,c++,objc,obj-c++,java,fortran,ada --enable-java-awt=gtk --disable-dssi --with-java-home=/usr/lib/jvm/java-1.5.0-gcj-1.5.0.0/jre --enable-libgcj-multifile --enable-java-maintainer-mode --with-ecj-jar=/usr/share/java/eclipse-ecj.jar --disable-libjava-multilib --with-ppl --with-cloog --with-tune=generic --with-arch_32=i686 --build=x86_64-redhat-linux
Thread model: posix
gcc version 4.4.7 20120313 (Red Hat 4.4.7-11) (GCC) 
configure:7774: $? = 0
configure:7781: g++ -std=gnu++0x -V >&5
g++: argument to '-V' missing

configure:7785: $? = 1
configure:7788: checking whether we are using the GNU C++ compiler
configure:7841: result: yes
configure:7850: checking whether g++ -std=gnu++0x accepts -g
configure:7988: result: yes
configure:8013: checking dependency style of g++ -std=gnu++0x
configure:8123: result: gcc3
configure:8146: checking how to run the C++ preprocessor
configure:8182: g++ -std=gnu++0x -E  conftest.cpp
configure:8189: $? = 0
configure:8220: g++ -std=gnu++0x -E  conftest.cpp
conftest.cpp:21:28: error: ac_nonexistent.h: No such file or directory
configure:8227: $? = 1
configure: failed program was:
| /* confdefs.h.  */
| #define PACKAGE_NAME "DezhouKV"
| #define PACKAGE_TARNAME "Dezhoukv"
| #define PACKAGE_VERSION "0.10.0"
| #define PACKAGE_STRING "DezhouKV 0.10.0"
| #define PACKAGE_BUGREPORT "shendezhou@sogou-inc.com"
| #define PACKAGE "Dezhoukv"
| #define VERSION "0.10.0"
| #define STDC_HEADERS 1
| #define HAVE_SYS_TYPES_H 1
| #define HAVE_SYS_STAT_H 1
| #define HAVE_STDLIB_H 1
| #define HAVE_STRING_H 1
| #define HAVE_MEMORY_H 1
| #define HAVE_STRINGS_H 1
| #define HAVE_INTTYPES_H 1
| #define HAVE_STDINT_H 1
| #define HAVE_UNISTD_H 1
| #define HAVE_DLFCN_H 1
| /* end confdefs.h.  */
| #include <ac_nonexistent.h>
configure:8260: result: g++ -std=gnu++0x -E
configure:8289: g++ -std=gnu++0x -E  conftest.cpp
configure:8296: $? = 0
configure:8327: g++ -std=gnu++0x -E  conftest.cpp
conftest.cpp:21:28: error: ac_nonexistent.h: No such file or directory
configure:8334: $? = 1
configure: failed program was:
| /* confdefs.h.  */
| #define PACKAGE_NAME "DezhouKV"
| #define PACKAGE_TARNAME "Dezhoukv"
| #define PACKAGE_VERSION "0.10.0"
| #define PACKAGE_STRING "DezhouKV 0.10.0"
| #define PACKAGE_BUGREPORT "shendezhou@sogou-inc.com"
| #define PACKAGE "Dezhoukv"
| #define VERSION "0.10.0"
| #define STDC_HEADERS 1
| #define HAVE_SYS_TYPES_H 1
| #define HAVE_SYS_STAT_H 1
| #define HAVE_STDLIB_H 1
| #define HAVE_STRING_H 1
| #define HAVE_MEMORY_H 1
| #define HAVE_STRINGS_H 1
| #define HAVE_INTTYPES_H 1
| #define HAVE_STDINT_H 1
| #define HAVE_UNISTD_H 1
| #define HAVE_DLFCN_H 1
| /* end confdefs.h.  */
| #include <ac_nonexistent.h>
configure:8518: checking for objdir
configure:8533: result: .libs
configure:8825: checking if gcc -std=gnu99 supports -fno-rtti -fno-exceptions
configure:8843: gcc -std=gnu99 -c -g -O2  -fno-rtti -fno-exceptions conftest.c >&5
cc1: warning: command line option "-fno-rtti" is valid for C++/ObjC++ but not for C
configure:8847: $? = 0
configure:8860: result: no
configure:8880: checking for gcc -std=gnu99 option to produce PIC
configure:9152: result: -fPIC -DPIC
configure:9164: checking if gcc -std=gnu99 PIC flag -fPIC -DPIC works
configure:9182: gcc -std=gnu99 -c -g -O2  -fPIC -DPIC -DPIC conftest.c >&5
configure:9186: $? = 0
configure:9199: result: yes
configure:9223: checking if gcc -std=gnu99 static flag -static works
configure:9251: result: no
configure:9266: checking if gcc -std=gnu99 supports -c -o file.o
configure:9287: gcc -std=gnu99 -c -g -O2  -o out/conftest2.o conftest.c >&5
configure:9291: $? = 0
configure:9313: result: yes
configure:9321: checking if gcc -std=gnu99 supports -c -o file.o
configure:9368: result: yes
configure:9401: checking whether the gcc -std=gnu99 linker (/usr/bin/ld -m elf_x86_64) supports shared libraries
configure:10475: result: yes
configure:10512: checking whether -lc should be explicitly linked in
configure:10517: gcc -std=gnu99 -c -g -O2  conftest.c >&5
configure:10520: $? = 0
configure:10535: gcc -std=gnu99 -shared conftest.o  -v -Wl,-soname -Wl,conftest -o conftest 2\>\&1 \| /bin/grep  -lc  \>/dev/null 2\>\&1
configure:10538: $? = 0
configure:10550: result: no
configure:10714: checking dynamic linker characteristics
configure:11157: gcc -std=gnu99 -o conftest -g -O2   -Wl,-rpath -Wl,/foo conftest.c  >&5
configure:11164: $? = 0
configure:11400: result: GNU/Linux ld.so
configure:11502: checking how to hardcode library paths into programs
configure:11527: result: immediate
configure:12360: checking whether stripping libraries is possible
configure:12365: result: yes
configure:12400: checking if libtool supports shared libraries
configure:12402: result: yes
configure:12405: checking whether to build shared libraries
configure:12426: result: yes
configure:12429: checking whether to build static libraries
configure:12433: result: no
configure:12583: checking for ld used by g++ -std=gnu++0x
configure:12650: result: /usr/bin/ld -m elf_x86_64
configure:12659: checking if the linker (/usr/bin/ld -m elf_x86_64) is GNU ld
configure:12674: result: yes
configure:12729: checking whether the g++ -std=gnu++0x linker (/usr/bin/ld -m elf_x86_64) supports shared libraries
configure:13704: result: yes
configure:13732: g++ -std=gnu++0x -c -g -O2  conftest.cpp >&5
configure:13735: $? = 0
configure:13917: checking for g++ -std=gnu++0x option to produce PIC
configure:14234: result: -fPIC -DPIC
configure:14243: checking if g++ -std=gnu++0x PIC flag -fPIC -DPIC works
configure:14261: g++ -std=gnu++0x -c -g -O2  -fPIC -DPIC -DPIC conftest.cpp >&5
configure:14265: $? = 0
configure:14278: result: yes
configure:14299: checking if g++ -std=gnu++0x static flag -static works
configure:14327: result: no
configure:14339: checking if g++ -std=gnu++0x supports -c -o file.o
configure:14360: g++ -std=gnu++0x -c -g -O2  -o out/conftest2.o conftest.cpp >&5
configure:14364: $? = 0
configure:14386: result: yes
configure:14391: checking if g++ -std=gnu++0x supports -c -o file.o
configure:14438: result: yes
configure:14468: checking whether the g++ -std=gnu++0x linker (/usr/bin/ld -m elf_x86_64) supports shared libraries
configure:14494: result: yes
configure:14631: checking dynamic linker characteristics
configure:15022: g++ -std=gnu++0x -o conftest -g -O2   -Wl,-rpath -Wl,/foo conftest.cpp  >&5
configure:15029: $? = 0
configure:15265: result: GNU/Linux ld.so
configure:15316: checking how to hardcode library paths into programs
configure:15341: result: immediate
configure:15407: checking for ANSI C header files
configure:15575: result: yes
configure:15601: checking iostream usability
configure:15618: g++ -std=gnu++0x -c -g -O2  conftest.cpp >&5
configure:15625: $? = 0
configure:15639: result: yes
configure:15643: checking iostream presence
configure:15658: g++ -std=gnu++0x -E  conftest.cpp
configure:15665: $? = 0
configure:15679: result: yes
configure:15712: checking for iostream
configure:15721: result: yes
configure:15739: checking for an ANSI C-conforming const
configure:15814: g++ -std=gnu++0x -c -g -O2  conftest.cpp >&5
configure:15821: $? = 0
configure:15836: result: yes
configure:15854: checking for working alloca.h
configure:15881: g++ -std=gnu++0x -o conftest -g -O2   conftest.cpp  >&5
configure:15888: $? = 0
configure:15908: result: yes
configure:15918: checking for alloca
configure:15965: g++ -std=gnu++0x -o conftest -g -O2   conftest.cpp  >&5
configure:15972: $? = 0
configure:15992: result: yes
configure:16242: checking for mbstowcs
configure:16298: g++ -std=gnu++0x -o conftest -g -O2   conftest.cpp  >&5
configure:16305: $? = 0
configure:16327: result: yes
configure:16242: checking for wcstombs
configure:16298: g++ -std=gnu++0x -o conftest -g -O2   conftest.cpp  >&5
configure:16305: $? = 0
configure:16327: result: yes
configure:16242: checking for mbtowc
configure:16298: g++ -std=gnu++0x -o conftest -g -O2   conftest.cpp  >&5
configure:16305: $? = 0
configure:16327: result: yes
configure:16242: checking for wctomb
configure:16298: g++ -std=gnu++0x -o conftest -g -O2   conftest.cpp  >&5
configure:16305: $? = 0
configure:16327: result: yes
configure:16360: checking for iostream
configure:16367: result: yes
configure:16513: checking platform
configure:16532: result: linux-gnu
configure:16552: checking debug feature
configure:16554: result: 
configure:16569: checking optimize feature
configure:16571: result: 
configure:16587: checking profile feature
configure:16589: result: 
configure:16604: checking precompiled headers feature
configure:16606: result: yes
configure:16652: g++ -std=gnu++0x -c -g -O2 -pthread  -D_REENTRANT conftest.cpp >&5
configure:16659: $? = 0
configure:16766: checking RAW2OBJFLAGS
configure:16791: result: -B i386 -I binary -O elf64-x86-64 --rename-section .data=.rodata,alloc,load,readonly,data,contents
configure:16905: checking BUILD_DEPENDENCIES
configure:16907: result: yes
configure:17092: creating ./config.status

## ---------------------- ##
## Running config.status. ##
## ---------------------- ##

This file was extended by DezhouKV config.status 0.10.0, which was
generated by GNU Autoconf 2.63.  Invocation command line was

  CONFIG_FILES    = 
  CONFIG_HEADERS  = 
  CONFIG_LINKS    = 
  CONFIG_COMMANDS = 
  $ ./config.status 

on tc_60_229

config.status:1067: creating Dezhoukv.pc
config.status:1067: creating Makefile
config.status:1067: creating dezhoukv/Makefile
config.status:1067: creating config-dummy.h
config.status:1289: config-dummy.h is unchanged
config.status:1341: executing depfiles commands
config.status:1341: executing libtool commands
configure:19586: patching libtool

## ---------------- ##
## Cache variables. ##
## ---------------- ##

ac_cv_build=x86_64-unknown-linux-gnu
ac_cv_c_compiler_gnu=yes
ac_cv_c_const=yes
ac_cv_cxx_compiler_gnu=yes
ac_cv_env_BUILD_DEPENDENCIES_set=
ac_cv_env_BUILD_DEPENDENCIES_value=
ac_cv_env_CCC_set=
ac_cv_env_CCC_value=
ac_cv_env_CC_set=set
ac_cv_env_CC_value='gcc -std=gnu99'
ac_cv_env_CFLAGS_set=
ac_cv_env_CFLAGS_value=
ac_cv_env_CPPFLAGS_set=
ac_cv_env_CPPFLAGS_value=
ac_cv_env_CPP_set=
ac_cv_env_CPP_value=
ac_cv_env_CXXCPP_set=
ac_cv_env_CXXCPP_value=
ac_cv_env_CXXFLAGS_set=
ac_cv_env_CXXFLAGS_value=
ac_cv_env_CXX_set=set
ac_cv_env_CXX_value='g++ -std=gnu++0x'
ac_cv_env_LDFLAGS_set=
ac_cv_env_LDFLAGS_value=
ac_cv_env_LIBS_set=
ac_cv_env_LIBS_value=
ac_cv_env_PKG_CONFIG_set=
ac_cv_env_PKG_CONFIG_value=
ac_cv_env_RAW2OBJFLAGS_set=
ac_cv_env_RAW2OBJFLAGS_value=
ac_cv_env_build_alias_set=
ac_cv_env_build_alias_value=
ac_cv_env_host_alias_set=
ac_cv_env_host_alias_value=
ac_cv_env_target_alias_set=
ac_cv_env_target_alias_value=
ac_cv_func_alloca_works=yes
ac_cv_func_mbstowcs=yes
ac_cv_func_mbtowc=yes
ac_cv_func_wcstombs=yes
ac_cv_func_wctomb=yes
ac_cv_header_dlfcn_h=yes
ac_cv_header_inttypes_h=yes
ac_cv_header_iostream=yes
ac_cv_header_memory_h=yes
ac_cv_header_stdc=yes
ac_cv_header_stdint_h=yes
ac_cv_header_stdlib_h=yes
ac_cv_header_string_h=yes
ac_cv_header_strings_h=yes
ac_cv_header_sys_stat_h=yes
ac_cv_header_sys_types_h=yes
ac_cv_header_unistd_h=yes
ac_cv_host=x86_64-unknown-linux-gnu
ac_cv_objext=o
ac_cv_path_EGREP='/bin/grep -E'
ac_cv_path_FGREP='/bin/grep -F'
ac_cv_path_GREP=/bin/grep
ac_cv_path_SED=/bin/sed
ac_cv_path_ac_pt_PKG_CONFIG=/usr/bin/pkg-config
ac_cv_path_install='/usr/bin/install -c'
ac_cv_path_mkdir=/bin/mkdir
ac_cv_prog_AWK=gawk
ac_cv_prog_CPP='gcc -std=gnu99 -E'
ac_cv_prog_CXXCPP='g++ -std=gnu++0x -E'
ac_cv_prog_ac_ct_AR=ar
ac_cv_prog_ac_ct_CC='gcc -std=gnu99'
ac_cv_prog_ac_ct_OBJDUMP=objdump
ac_cv_prog_ac_ct_RANLIB=ranlib
ac_cv_prog_ac_ct_STRIP=strip
ac_cv_prog_cc_c89=
ac_cv_prog_cc_g=yes
ac_cv_prog_cxx_g=yes
ac_cv_prog_make_make_set=yes
ac_cv_working_alloca_h=yes
am_cv_CC_dependencies_compiler_type=gcc3
am_cv_CXX_dependencies_compiler_type=gcc3
lt_cv_deplibs_check_method=pass_all
lt_cv_file_magic_cmd='$MAGIC_CMD'
lt_cv_file_magic_test_file=
lt_cv_ld_reload_flag=-r
lt_cv_nm_interface='BSD nm'
lt_cv_objdir=.libs
lt_cv_path_LD=/usr/bin/ld
lt_cv_path_LDCXX='/usr/bin/ld -m elf_x86_64'
lt_cv_path_NM='/usr/bin/nm -B'
lt_cv_prog_compiler_c_o=yes
lt_cv_prog_compiler_c_o_CXX=yes
lt_cv_prog_compiler_pic_works=yes
lt_cv_prog_compiler_pic_works_CXX=yes
lt_cv_prog_compiler_rtti_exceptions=no
lt_cv_prog_compiler_static_works=no
lt_cv_prog_compiler_static_works_CXX=no
lt_cv_prog_gnu_ld=yes
lt_cv_prog_gnu_ldcxx=yes
lt_cv_sys_global_symbol_pipe='sed -n -e '\''s/^.*[	 ]\([ABCDGIRSTW][ABCDGIRSTW]*\)[	 ][	 ]*\([_A-Za-z][_A-Za-z0-9]*\)$/\1 \2 \2/p'\'''
lt_cv_sys_global_symbol_to_c_name_address='sed -n -e '\''s/^: \([^ ]*\) $/  {\"\1\", (void *) 0},/p'\'' -e '\''s/^[ABCDGIRSTW]* \([^ ]*\) \([^ ]*\)$/  {"\2", (void *) \&\2},/p'\'''
lt_cv_sys_global_symbol_to_c_name_address_lib_prefix='sed -n -e '\''s/^: \([^ ]*\) $/  {\"\1\", (void *) 0},/p'\'' -e '\''s/^[ABCDGIRSTW]* \([^ ]*\) \(lib[^ ]*\)$/  {"\2", (void *) \&\2},/p'\'' -e '\''s/^[ABCDGIRSTW]* \([^ ]*\) \([^ ]*\)$/  {"lib\2", (void *) \&\2},/p'\'''
lt_cv_sys_global_symbol_to_cdecl='sed -n -e '\''s/^T .* \(.*\)$/extern int \1();/p'\'' -e '\''s/^[ABCDGIRSTW]* .* \(.*\)$/extern char \1;/p'\'''
lt_cv_sys_max_cmd_len=1966080

## ----------------- ##
## Output variables. ##
## ----------------- ##

ACLOCAL='${SHELL} /search/odin/daemon/dezhoukv-cpp/_aux/missing --run aclocal-1.11'
ALLOCA=''
AMDEPBACKSLASH='\'
AMDEP_FALSE='#'
AMDEP_TRUE=''
AMTAR='${SHELL} /search/odin/daemon/dezhoukv-cpp/_aux/missing --run tar'
AR='ar'
AUTOCONF='${SHELL} /search/odin/daemon/dezhoukv-cpp/_aux/missing --run autoconf'
AUTOHEADER='${SHELL} /search/odin/daemon/dezhoukv-cpp/_aux/missing --run autoheader'
AUTOMAKE='${SHELL} /search/odin/daemon/dezhoukv-cpp/_aux/missing --run automake-1.11'
AWK='gawk'
BUILD_DEPENDENCIES='/search/odin/daemon/dezhoukv-cpp'
BUILD_DEPENDENCIES_FALSE=''
BUILD_DEPENDENCIES_TRUE='#'
CC='gcc -std=gnu99'
CCDEPMODE='depmode=gcc3'
CFLAGS='-g -O2 -pthread'
CPP='gcc -std=gnu99 -E'
CPPFLAGS=' -D_REENTRANT -D_FILE_OFFSET_BITS=64'
CXX='g++ -std=gnu++0x'
CXXCPP='g++ -std=gnu++0x -E'
CXXDEPMODE='depmode=gcc3'
CXXFLAGS='-g -O2 -pthread'
CYGPATH_W='echo'
DEFS='-DHAVE_CONFIG_H'
DEPDIR='.deps'
DSYMUTIL=''
DUMPBIN=''
ECHO_C=''
ECHO_N='-n'
ECHO_T=''
EGREP='/bin/grep -E'
ENABLE_STATIC_FALSE=''
ENABLE_STATIC_TRUE='#'
EXEEXT=''
FGREP='/bin/grep -F'
GREP='/bin/grep'
INSTALL_DATA='${INSTALL} -m 644'
INSTALL_PROGRAM='${INSTALL}'
INSTALL_SCRIPT='${INSTALL}'
INSTALL_STRIP_PROGRAM='$(install_sh) -c -s'
LD='/usr/bin/ld -m elf_x86_64'
LDFLAGS=''
LIBOBJS=''
LIBS=' -lnsl'
LIBTOOL='$(SHELL) $(top_builddir)/libtool'
LIPO=''
LN_S='ln -s'
LTLIBOBJS=''
MAKEINFO='${SHELL} /search/odin/daemon/dezhoukv-cpp/_aux/missing --run makeinfo'
MKDIR_P='/bin/mkdir -p'
NM='/usr/bin/nm -B'
NMEDIT=''
OBJDUMP='objdump'
OBJEXT='o'
OTOOL64=''
OTOOL=''
PACKAGE='Dezhoukv'
PACKAGE_BUGREPORT='shendezhou@sogou-inc.com'
PACKAGE_DEPENDENCIES=''
PACKAGE_NAME='DezhouKV'
PACKAGE_STRING='DezhouKV 0.10.0'
PACKAGE_TARNAME='Dezhoukv'
PACKAGE_VERSION='0.10.0'
PATH_SEPARATOR=':'
PKG_CONFIG='/usr/bin/pkg-config'
RANLIB='ranlib'
RAW2OBJFLAGS='-B i386 -I binary -O elf64-x86-64 --rename-section .data=.rodata,alloc,load,readonly,data,contents'
SED='/bin/sed'
SET_MAKE=''
SHELL='/bin/sh'
STRIP='strip'
VERSION='0.10.0'
WITH_GCH_FALSE='#'
WITH_GCH_TRUE=''
ac_ct_CC='gcc -std=gnu99'
ac_ct_CXX=''
ac_ct_DUMPBIN=''
am__EXEEXT_FALSE=''
am__EXEEXT_TRUE='#'
am__fastdepCC_FALSE='#'
am__fastdepCC_TRUE=''
am__fastdepCXX_FALSE='#'
am__fastdepCXX_TRUE=''
am__include='include'
am__isrc=''
am__leading_dot='.'
am__quote=''
am__tar='${AMTAR} chof - "$$tardir"'
am__untar='${AMTAR} xf -'
bindir='${exec_prefix}/bin'
build='x86_64-unknown-linux-gnu'
build_alias=''
build_cpu='x86_64'
build_os='linux-gnu'
build_vendor='unknown'
datadir='${datarootdir}'
datarootdir='${prefix}/share'
docdir='${datarootdir}/doc/${PACKAGE_TARNAME}'
dvidir='${docdir}'
exec_prefix='${prefix}'
host='x86_64-unknown-linux-gnu'
host_alias=''
host_cpu='x86_64'
host_os='linux-gnu'
host_vendor='unknown'
htmldir='${docdir}'
includedir='${prefix}/include'
infodir='${datarootdir}/info'
install_sh='${SHELL} /search/odin/daemon/dezhoukv-cpp/_aux/install-sh'
libdir='${exec_prefix}/lib64'
libexecdir='${exec_prefix}/libexec'
localedir='${datarootdir}/locale'
localstatedir='${prefix}/var'
lt_ECHO='echo'
mandir='${datarootdir}/man'
mkdir_p='/bin/mkdir -p'
oldincludedir='/usr/include'
pdfdir='${docdir}'
prefix='/opt/demo'
program_transform_name='s,x,x,'
psdir='${docdir}'
sbindir='${exec_prefix}/sbin'
sharedstatedir='${prefix}/com'
sysconfdir='${prefix}/etc'
target_alias=''

## ----------- ##
## confdefs.h. ##
## ----------- ##

#define PACKAGE_NAME "DezhouKV"
#define PACKAGE_TARNAME "Dezhoukv"
#define PACKAGE_VERSION "0.10.0"
#define PACKAGE_STRING "DezhouKV 0.10.0"
#define PACKAGE_BUGREPORT "shendezhou@sogou-inc.com"
#define PACKAGE "Dezhoukv"
#define VERSION "0.10.0"
#define STDC_HEADERS 1
#define HAVE_SYS_TYPES_H 1
#define HAVE_SYS_STAT_H 1
#define HAVE_STDLIB_H 1
#define HAVE_STRING_H 1
#define HAVE_MEMORY_H 1
#define HAVE_STRINGS_H 1
#define HAVE_INTTYPES_H 1
#define HAVE_STDINT_H 1
#define HAVE_UNISTD_H 1
#define HAVE_DLFCN_H 1
#define LT_OBJDIR ".libs/"
#define STDC_HEADERS 1
#define HAVE_IOSTREAM 1
#define HAVE_ALLOCA_H 1
#define HAVE_ALLOCA 1
#define HAVE_MBSTOWCS 1
#define HAVE_WCSTOMBS 1
#define HAVE_MBTOWC 1
#define HAVE_WCTOMB 1
#define HAVE_IOSTREAM 1

configure: exit 0

## ---------------------- ##
## Running config.status. ##
## ---------------------- ##

This file was extended by DezhouKV config.status 0.10.0, which was
generated by GNU Autoconf 2.63.  Invocation command line was

  CONFIG_FILES    = 
  CONFIG_HEADERS  = 
  CONFIG_LINKS    = 
  CONFIG_COMMANDS = 
  $ ./config.status dezhoukv/Makefile depfiles

on tc_60_229

config.status:1067: creating dezhoukv/Makefile
config.status:1341: executing depfiles commands
